# JRE version: OpenJDK Runtime Environment Temurin-21.0.6+7 (21.0.6+7) (build 21.0.6+7-LTS)
# Java VM: OpenJDK 64-Bit Server VM Temurin-21.0.6+7 (21.0.6+7-LTS, mixed mode, emulated-client, sharing, tiered, compressed oops, compressed class ptrs, g1 gc, windows-amd64)
GC Precious Log:
 CardTable entry size: 512
 Card Set container configuration: InlinePtr #cards 4 size 8 Array Of Cards #cards 16 size 48 Howl #buckets 8 coarsen threshold 3686 Howl Bitmap #cards 512 size 80 coarsen threshold 460 Card regions per heap region 1 cards per card region 4096
 CPUs: 8 total, 8 available
 Memory: 16060M
 Large Page Support: Disabled
 NUMA Support: Disabled
 Compressed Oops: Enabled (Zero based)
 Heap Region Size: 2M
 Heap Min Capacity: 8M
 Heap Initial Capacity: 252M
 Heap Max Capacity: 4016M
 Pre-touch: Disabled
 Parallel Workers: 8
 Concurrent Workers: 2
 Concurrent Refinement Workers: 8
 Periodic GC: Disabled
Heap:
 garbage-first heap   total 108544K, used 61439K [0x0000000705000000, 0x0000000800000000)
  region size 2048K, 14 young (28672K), 2 survivors (4096K)
 Metaspace       used 84052K, committed 85056K, reserved 1179648K
  class space    used 11358K, committed 11904K, reserved 1048576K
GC Heap History (20 events):
Event: 374.212 GC heap before
{Heap before GC invocations=26 (full 0):
 garbage-first heap   total 102400K, used 41984K [0x0000000705000000, 0x0000000800000000)
  region size 2048K, 4 young (8192K), 2 survivors (4096K)
 Metaspace       used 79491K, committed 80384K, reserved 1179648K
  class space    used 10799K, committed 11200K, reserved 1048576K
}
Event: 374.214 GC heap after
{Heap after GC invocations=27 (full 0):
 garbage-first heap   total 102400K, used 39798K [0x0000000705000000, 0x0000000800000000)
  region size 2048K, 2 young (4096K), 2 survivors (4096K)
 Metaspace       used 79491K, committed 80384K, reserved 1179648K
  class space    used 10799K, committed 11200K, reserved 1048576K
}
Event: 411.169 GC heap before
{Heap before GC invocations=28 (full 0):
 garbage-first heap   total 102400K, used 97142K [0x0000000705000000, 0x0000000800000000)
  region size 2048K, 27 young (55296K), 2 survivors (4096K)
 Metaspace       used 81462K, committed 82304K, reserved 1179648K
  class space    used 11038K, committed 11392K, reserved 1048576K
}
Event: 411.181 GC heap after
{Heap after GC invocations=29 (full 0):
 garbage-first heap   total 108544K, used 44358K [0x0000000705000000, 0x0000000800000000)
  region size 2048K, 4 young (8192K), 4 survivors (8192K)
 Metaspace       used 81462K, committed 82304K, reserved 1179648K
  class space    used 11038K, committed 11392K, reserved 1048576K
}
Event: 2167.644 GC heap before
{Heap before GC invocations=29 (full 0):
 garbage-first heap   total 108544K, used 89414K [0x0000000705000000, 0x0000000800000000)
  region size 2048K, 27 young (55296K), 4 survivors (8192K)
 Metaspace       used 83039K, committed 84096K, reserved 1179648K
  class space    used 11312K, committed 11776K, reserved 1048576K
}
Event: 2167.666 GC heap after
{Heap after GC invocations=30 (full 0):
 garbage-first heap   total 108544K, used 45813K [0x0000000705000000, 0x0000000800000000)
  region size 2048K, 2 young (4096K), 2 survivors (4096K)
 Metaspace       used 83039K, committed 84096K, reserved 1179648K
  class space    used 11312K, committed 11776K, reserved 1048576K
}
Event: 2497.545 GC heap before
{Heap before GC invocations=30 (full 0):
 garbage-first heap   total 108544K, used 94965K [0x0000000705000000, 0x0000000800000000)
  region size 2048K, 26 young (53248K), 2 survivors (4096K)
 Metaspace       used 83110K, committed 84160K, reserved 1179648K
  class space    used 11326K, committed 11776K, reserved 1048576K
}
Event: 2497.551 GC heap after
{Heap after GC invocations=31 (full 0):
 garbage-first heap   total 108544K, used 44443K [0x0000000705000000, 0x0000000800000000)
  region size 2048K, 2 young (4096K), 2 survivors (4096K)
 Metaspace       used 83110K, committed 84160K, reserved 1179648K
  class space    used 11326K, committed 11776K, reserved 1048576K
}
Event: 2767.617 GC heap before
{Heap before GC invocations=31 (full 0):
 garbage-first heap   total 108544K, used 81307K [0x0000000705000000, 0x0000000800000000)
  region size 2048K, 21 young (43008K), 2 survivors (4096K)
 Metaspace       used 83249K, committed 84416K, reserved 1179648K
  class space    used 11359K, committed 11904K, reserved 1048576K
}
Event: 2767.677 GC heap after
{Heap after GC invocations=32 (full 1):
 garbage-first heap   total 108544K, used 31875K [0x0000000705000000, 0x0000000800000000)
  region size 2048K, 0 young (0K), 0 survivors (0K)
 Metaspace       used 82457K, committed 84416K, reserved 1179648K
  class space    used 11170K, committed 11904K, reserved 1048576K
}
Event: 2774.430 GC heap before
{Heap before GC invocations=32 (full 1):
 garbage-first heap   total 108544K, used 93315K [0x0000000705000000, 0x0000000800000000)
  region size 2048K, 30 young (61440K), 0 survivors (0K)
 Metaspace       used 82854K, committed 84416K, reserved 1179648K
  class space    used 11241K, committed 11904K, reserved 1048576K
}
Event: 2774.435 GC heap after
{Heap after GC invocations=33 (full 1):
 garbage-first heap   total 108544K, used 37924K [0x0000000705000000, 0x0000000800000000)
  region size 2048K, 3 young (6144K), 3 survivors (6144K)
 Metaspace       used 82854K, committed 84416K, reserved 1179648K
  class space    used 11241K, committed 11904K, reserved 1048576K
}
Event: 2804.866 GC heap before
{Heap before GC invocations=34 (full 1):
 garbage-first heap   total 108544K, used 89124K [0x0000000705000000, 0x0000000800000000)
  region size 2048K, 28 young (57344K), 3 survivors (6144K)
 Metaspace       used 83379K, committed 84544K, reserved 1179648K
  class space    used 11295K, committed 11904K, reserved 1048576K
}
Event: 2804.886 GC heap after
{Heap after GC invocations=35 (full 1):
 garbage-first heap   total 108544K, used 42330K [0x0000000705000000, 0x0000000800000000)
  region size 2048K, 3 young (6144K), 3 survivors (6144K)
 Metaspace       used 83379K, committed 84544K, reserved 1179648K
  class space    used 11295K, committed 11904K, reserved 1048576K
}
Event: 2804.920 GC heap before
{Heap before GC invocations=35 (full 1):
 garbage-first heap   total 108544K, used 42330K [0x0000000705000000, 0x0000000800000000)
  region size 2048K, 4 young (8192K), 3 survivors (6144K)
 Metaspace       used 83382K, committed 84544K, reserved 1179648K
  class space    used 11295K, committed 11904K, reserved 1048576K
}
Event: 2804.982 GC heap after
{Heap after GC invocations=36 (full 2):
 garbage-first heap   total 108544K, used 32000K [0x0000000705000000, 0x0000000800000000)
  region size 2048K, 0 young (0K), 0 survivors (0K)
 Metaspace       used 83289K, committed 84544K, reserved 1179648K
  class space    used 11273K, committed 11904K, reserved 1048576K
}
Event: 2805.779 GC heap before
{Heap before GC invocations=36 (full 2):
 garbage-first heap   total 108544K, used 87296K [0x0000000705000000, 0x0000000800000000)
  region size 2048K, 28 young (57344K), 0 survivors (0K)
 Metaspace       used 83542K, committed 84544K, reserved 1179648K
  class space    used 11308K, committed 11904K, reserved 1048576K
}
Event: 2805.782 GC heap after
{Heap after GC invocations=37 (full 2):
 garbage-first heap   total 108544K, used 36491K [0x0000000705000000, 0x0000000800000000)
  region size 2048K, 3 young (6144K), 3 survivors (6144K)
 Metaspace       used 83542K, committed 84544K, reserved 1179648K
  class space    used 11308K, committed 11904K, reserved 1048576K
}
Event: 2866.293 GC heap before
{Heap before GC invocations=38 (full 2):
 garbage-first heap   total 108544K, used 87691K [0x0000000705000000, 0x0000000800000000)
  region size 2048K, 28 young (57344K), 3 survivors (6144K)
 Metaspace       used 83955K, committed 84928K, reserved 1179648K
  class space    used 11339K, committed 11904K, reserved 1048576K
}
Event: 2866.304 GC heap after
{Heap after GC invocations=39 (full 2):
 garbage-first heap   total 108544K, used 38911K [0x0000000705000000, 0x0000000800000000)
  region size 2048K, 2 young (4096K), 2 survivors (4096K)
 Metaspace       used 83955K, committed 84928K, reserved 1179648K
  class space    used 11339K, committed 11904K, reserved 1048576K
}

